[32m15:57:20.688 [main           ] INFO  moving_client.ClientManager    - Starting up Weihnachtsmann at 2019-01-09_15:58 based on configuration example_config.toml
[m[32m15:57:22.309 [main           ] INFO  moving_client.Configuration    - Configuration{managerName='Weihnachtsmann', address='tcp://localhost', port=5559, runtime=1, offset=1, index=1, count=10, geofenceSize=0.1, payloadSize=10000}
[m[32m15:57:22.639 [main           ] INFO  moving_client.GeolifeDatasetHelper - Successfully read the 18670 geolife dataset index entries
[m[32m15:57:22.693 [main           ] INFO  communication.ZMQProcessManager - Started ZMQProcessManager
[m[32m15:57:23.391 [main           ] INFO  moving_client.ClientManager    - Successfully created 10 routes
[m[32m15:57:23.403 [main           ] INFO  communication.ZMQProcessManager - Started ZMQProcess_BenchmarkClient with identity Weihnachtsmann-1
[m[32m15:57:23.412 [main           ] INFO  main.BenchmarkClient           - Created client Weihnachtsmann-1
[m[32m15:57:23.412 [main [32m15:57:24.473 [main           ] INFO  main.Broker                    - 
[m[32m15:57:26.475 [main           ] INFO  main.Broker                    - 
[m[32m15:57:28.480 [main           ] INFO  main.Broker                    - 
[m[32m15:57:30.481 [main           ] INFO  main.Broker                    - 
[m[32m15:57:32.484 [main           ] INFO  main.Broker                    - 
[m[32m15:57:34.486 [main           ] INFO  main.Broker                    - 
[m[32m15:57:36.490 [main           ] INFO  main.Broker                    - 
[m[32m15:57:38.491 [main           ] INFO  main.Broker                    - 
[m[32m15:57:40.492 [main           ] INFO  main.Broker                    - 
[m[32m15:57:42.496 [main           ] INFO  main.Broker                    - 
[m[32m15:57:44.498 [main           ] INFO  main.Broker                    - 
[m[32m15:57:46.500 [main           ] INFO  main.Broker                    - 
[m[32m15:57:48.504 [main           ] INFO  main.Broker                    - 
[m[32m15:57:50.505 [main           ] INFO  main.Broker                    - 
[m[32m15:57:52.509 [main           ] INFO  main.Broker                    - 
[m[32m15:57:54.513 [main           ] INFO  main.Broker                    - 
[m[32m15:57:56.517 [main           ] INFO  main.Broker                    - 
[m[32m15:57:58.522 [main           ] INFO  main.Broker                    - 
[m[32m15:58:00.526 [main           ] INFO  main.Broker                    - Client{heartbeat=1547045880380, clientIdentifier='Weihnachtsmann-1', location=POINT (116.318417 39.984702), subscriptions=
Subscription{id=(Weihnachtsmann-1,1)topic=data, geofence=BUFFER (POINT (116.318417 39.984702), 0.1)}, }
[m[32m15:58:02.535 [main           ] INFO  main.Broker                    - Client{heartbeat=1547045882072, clientIdentifier='Weihnachtsmann-3', location=POINT (116.370017 39.907414), subscriptions=
Subscription{id=(Weihnachtsmann-3,1)topic=data, geofence=BUFFER (POINT (116.370017 39.907414), 0.1)}, }Client{heartbeat=1547045880380, clientIdentifier='Weihnachtsmann-1', location=POINT (116.318417 39.984702), subscriptions=
Subscription{id=(Weihnachtsmann-1,1)topic=data, geofence=BUFFER (POINT (116.318417 39.984702), 0.1)}, }Client{heartbeat=1547045881066, clientIdentifier='Weihnachtsmann-2', location=POINT (116.319876 40.008304), subscriptions=
Subscription{id=(Weihnachtsmann-2,1)topic=data, geofence=BUFFER (POINT (116.319876 40.008304), 0.1)}, }
[m[32m15:58:04.542 [main           ] INFO  main.Broker                    - Client{heartbeat=1547045884085, clientIdentifier='Weihnachtsmann-5', location=POINT (116.297072 40.01229), subscriptions=
Subscription{id=(Weihnachtsmann-5,1)topic=data, geofence=BUFFER (POINT (116.297072 40.01229), 0.1)}, }Client{heartbeat=1547045882072, clientIdentifier='Weihnachtsmann-3', location=POINT (116.370017 39.907414), subscriptions=
Subscription{id=(Weihnachtsmann-3,1)topic=data, geofence=BUFFER (POINT (116.370017 39.907414), 0.1)}, }Client{heartbeat=1547045883082, clientIdentifier='Weihnachtsmann-4', location=POINT (116.326757 39.994622), subscriptions=
Subscription{id=(Weihnachtsmann-4,1)topic=data, geofence=BUFFER (POINT (116.326757 39.994622), 0.1)}, }Client{heartbeat=1547045880380, clientIdentifier='Weihnachtsmann-1', location=POINT (116.318417 39.984702), subscriptions=
Subscription{id=(Weihnachtsmann-1,1)topic=data, geofence=BUFFER (POINT (116.318417 39.984702), 0.1)}, }Client{heartbeat=1547045881066, clientIdentifier='Weihnachtsmann-2', location=POINT (116.319876 40.008304), subscriptions=
Subscription{id=(Weihnachtsmann-2,1)topic=data, geofence=BUFFER (POINT (116.319876 40.008304), 0.1)}, }
[m[32m15:58:06.546 [main           ] INFO  main.Broker                    - Client{heartbeat=1547045886113, clientIdentifier='Weihnachtsmann-7', location=POINT (116.326605 39.991364), subscriptions=
Subscription{id=(Weihnachtsmann-7,1)topic=data, geofence=BUFFER (POINT (116.326605 39.991364), 0.1)}, }Client{heartbeat=1547045884085, clientIdentifier='Weihnachtsmann-5', location=POINT (116.297072 40.01229), subscriptions=
Subscription{id=(Weihnachtsmann-5,1)topic=data, geofence=BUFFER (POINT (116.297072 40.01229), 0.1)}, }Client{heartbeat=1547045885090, clientIdentifier='Weihnachtsmann-6', location=POINT (116.326786 39.994238), subscriptions=
Subscription{id=(Weihnachtsmann-6,1)topic=data, geofence=BUFFER (POINT (116.326786 39.994238), 0.1)}, }Client{heartbeat=1547045882072, clientIdentifier='Weihnachtsmann-3', location=POINT (116.370017 39.907414), subscriptions=
Subscription{id=(Weihnachtsmann-3,1)topic=data, geofence=BUFFER (POINT (116.370017 39.907414), 0.1)}, }Client{heartbeat=1547045886108, clientIdentifier='Weihnachtsmann-4', location=POINT (116.326757 39.994622), subscriptions=
Subscription{id=(Weihnachtsmann-4,1)topic=data, geofence=BUFFER (POINT (116.326757 39.994622), 0.1)}, }Client{heartbeat=1547045886078, clientIdentifier='Weihnachtsmann-1', location=POINT (116.31845 39.984683), subscriptions=
Subscription{id=(Weihnachtsmann-1,1)topic=data, geofence=BUFFER (POINT (116.31845 39.984683), 0.1)}, }Client{heartbeat=1547045886079, clientIdentifier='Weihnachtsmann-2', location=POINT (116.319962 40.008413), subscriptions=
Subscription{id=(Weihnachtsmann-2,1)topic=data, geofence=BUFFER (POINT (116.319962 40.008413), 0.1)}, }
[m[32m15:58:08.554 [main           ] INFO  main.Broker                    - Client{heartbeat=1547045888109, clientIdentifier='Weihnachtsmann-9', location=POINT (116.325747 39.996948), subscriptions=
Subscription{id=(Weihnachtsmann-9,1)topic=data, geofence=BUFFER (POINT (116.325747 39.996948), 0.1)}, }Client{heartbeat=1547045886113, clientIdentifier='Weihnachtsmann-7', location=POINT (116.326605 39.991364), subscriptions=
Subscription{id=(Weihnachtsmann-7,1)topic=data, geofence=BUFFER (POINT (116.326605 39.991364), 0.1)}, }Client{heartbeat=1547045887102, clientIdentifier='Weihnachtsmann-8', location=POINT (116.326565 39.999976), subscriptions=
Subscription{id=(Weihnachtsmann-8,1)topic=data, geofence=BUFFER (POINT (116.326565 39.999976), 0.1)}, }Client{heartbeat=1547045884085, clientIdentifier='Weihnachtsmann-5', location=POINT (116.297072 40.01229), subscriptions=
Subscription{id=(Weihnachtsmann-5,1)topic=data, geofence=BUFFER (POINT (116.297072 40.01229), 0.1)}, }Client{heartbeat=1547045885090, clientIdentifier='Weihnachtsmann-6', location=POINT (116.326786 39.994238), subscriptions=
Subscription{id=(Weihnachtsmann-6,1)topic=data, geofence=BUFFER (POINT (116.326786 39.994238), 0.1)}, }Client{heartbeat=1547045887081, clientIdentifier='Weihnachtsmann-3', location=POINT (116.370074 39.907374), subscriptions=
Subscription{id=(Weihnachtsmann-3,1)topic=data, geofence=BUFFER (POINT (116.370074 39.907374), 0.1)}, }Client{heartbeat=1547045888116, clientIdentifier='Weihnachtsmann-4', location=POINT (116.326751 39.994614), subscriptions=
Subscription{id=(Weihnachtsmann-4,1)topic=data, geofence=BUFFER (POINT (116.326751 39.994614), 0.1)}, }Client{heartbeat=1547045886078, clientIdentifier='Weihnachtsmann-1', location=POINT (116.31845 39.984683), subscriptions=
Subscription{id=(Weihnachtsmann-1,1)topic=data, geofence=BUFFER (POINT (116.31845 39.984683), 0.1)}, }Client{heartbeat=1547045886079, clientIdentifier='Weihnachtsmann-2', location=POINT (116.319962 40.008413), subscriptions=
Subscription{id=(Weihnachtsmann-2,1)topic=data, geofence=BUFFER (POINT (116.319962 40.008413), 0.1)}, }
[m[32m15:58:10.561 [main           ] INFO  main.Broker                    - Client{heartbeat=1547045888109, clientIdentifier='Weihnachtsmann-9', location=POINT (116.325747 39.996948), subscriptions=
Subscription{id=(Weihnachtsmann-9,1)topic=data, geofence=BUFFER (POINT (116.325747 39.996948), 0.1)}, }Client{heartbeat=1547045886113, clientIdentifier='Weihnachtsmann-7', location=POINT (116.326605 39.991364), subscriptions=
Subscription{id=(Weihnachtsmann-7,1)topic=data, geofence=BUFFER (POINT (116.326605 39.991364), 0.1)}, }Client{heartbeat=1547045887102, clientIdentifier='Weihnachtsmann-8', location=POINT (116.326565 39.999976), subscriptions=
Subscription{id=(Weihnachtsmann-8,1)topic=data, geofence=BUFFER (POINT (116.326565 39.999976), 0.1)}, }Client{heartbeat=1547045889094, clientIdentifier='Weihnachtsmann-5', location=POINT (116.297269 40.012594), subscriptions=
Subscription{id=(Weihnachtsmann-5,1)topic=data, geofence=BUFFER (POINT (116.297269 40.012594), 0.1)}, }Client{heartbeat=1547045890101, clientIdentifier='Weihnachtsmann-6', location=POINT (116.326758 39.994315), subscriptions=
Su[36m15:58:11.097 [Weihnachtsmann-2] DEBUG moving_client.GeolifeClient    - Driving to location POINT (116.319484 40.007209) in 5 seconds
[m[36m15:58:11.098 [Weihnachtsmann-1] DEBUG moving_client.GeolifeClient    - Driving to location POINT (116.318385 39.984688) in 5 seconds
[m[36m15:58:11.112 [Weihnachtsmann-7] DEBUG moving_client.GeolifeClient    - Driving to location POINT (116.326695 39.991821) in 5 seconds
[m[36m15:58:12.092 [Weihnachtsmann-3] DEBUG moving_client.GeolifeClient    - Driving to location POINT (116.370415 39.907006) in 5 seconds
[m[36m15:58:12.108 [Weihnachtsmann-8] DEBUG moving_client.GeolifeClient    - Driving to location POINT (116.326154 40.000038) in 5 seconds
[m[36m15:58:13.118 [Weihnachtsmann-9] DEBUG moving_client.GeolifeClient    - Driving to location POINT (116.326968 39.994409) in 5 seconds
[m[36m15:58:13.120 [Weihnachtsmann-4] DEBUG moving_client.GeolifeClient    - Driving to location POINT (116.326769 39.994599) in 5 seconds
[m[36m15:58:14.105 [Weihnachtsmann-5] DEBUG moving_client.GeolifeClient    - Driving to location POINT (116.297177 40.012453) in 5 seconds
[m[36m15:58:14.113 [Weihnachtsmann-10] DEBUG moving_client.GeolifeClient    - Driving to location POINT (116.32654 39.997625) in 5 seconds
[m[36m15:58:15.111 [Weihnachtsmann-6] DEBUG moving_client.GeolifeClient    - Driving to location POINT (116.3267 39.994429) in 5 seconds
[m[36m15:58:16.104 [Weihnachtsmann-2] DEBUG moving_client.GeolifeClient    - Driving to location POINT (116.31959 40.007287) in 5 seconds
[m[36m15:58:16.107 [Weihnachtsmann-1] DEBUG moving_client.GeolifeClient    - Driving to location POINT (116.318263 39.984655) in 5 seconds
[m[36m15:58:16.117 [Weihnachtsmann-7] DEBUG moving_client.GeolifeClient    - Driving to location POINT (116.326676 39.991771) in 5 seconds
[m[36m15:58:17.095 [Weihnachtsmann-3] DEBUG moving_client.GeolifeClient    - Driving to location POINT (116.370454 39.907014) in 5 seconds
[m[36m15:58:17.114 [Weihnachtsmann-8] DEBUG moving_client.GeolifeClient    - Driving to location POINT (116.326081 40.000035) in 5 seconds
[m[36m15:58:18.160 [Weihnachtsmann-9] DEBUG moving_client.GeolifeClient    - Driving to location POINT (116.326629 39.995076) in 5 seconds
[m[36m15:58:18.160 [Weihnachtsmann-4] DEBUG moving_client.GeolifeClient    - Driving to location POINT (116.326769 39.994599) in 3 seconds
[m[36m15:58:19.114 [Weihnachtsmann-5] DEBUG moving_client.GeolifeClient    - Driving to location POINT (116.297133 40.012398) in 5 seconds
[m[36m15:58:19.119 [Weihnachtsmann-10] DEBUG moving_client.GeolifeClient    - Driving to location POINT (116.326526 39.997583) in 5 seconds
[m[36m15:58:20.119 [Weihnachtsmann-6] DEBUG moving_client.GeolifeClient    - Driving to location POINT (116.326712 39.99445) in 5 seconds
[m[36m15:58:21.111 [Weihnachtsmann-2] DEBUG moving_client.GeolifeClient    - Driving to location POINT (116.319727 40.007366) in 5 seconds
[m[36m15:58:21.114 [Weihnachtsmann-1] DEBUG moving_client.GeolifeClient    - Driving to location POINT (116.318026 39.984611) in 5 seconds
[m[36m15:58:21.125 [Weihnachtsmann-7] DEBUG moving_client.GeolifeClient    - Driving to location POINT (116.326657 39.991825) in 5 seconds
[m[36m15:58:21.169 [Weihnachtsmann-4] DEBUG moving_client.GeolifeClient    - Driving to location POINT (116.326765 39.994601) in 2 seconds
[m[36m15:58:22.102 [Weihnachtsmann-3] DEBUG moving_client.GeolifeClient    - Driving to location POINT (116.370534 39.907008) in 5 seconds
[m[36m15:58:22.119 [Weihnachtsmann-8] DEBUG moving_client.GeolifeClient    - Driving to location POINT (116.326645 39.996877) in 120 seconds
[m[36m15:58:23.169 [Weihnachtsmann-9] DEBUG moving_client.GeolifeClient    - Driving to location POINT (116.326572 39.995193) in 5 seconds
[m[36m15:58:23.176 [Weihnachtsmann-4] DEBUG moving_client.GeolifeClient    - Driving to location POINT (116.326731 39.994584) in 5 seconds
[m[36m15:58:24.122 [Weihnachtsmann-5] DEBUG moving_client.GeolifeClient    - Driving to location POINT (116.297133 40.012398) in 3 seconds
[m[36m15:58:24.124 [Weihnachtsmann-10] DEBUG moving_client.GeolifeClient    - Driving to location POINT (116.326441 39.997524) in 5 seconds
[m[36m15:58:25.124 [Weihnachtsmann-6] DEBUG moving_client.GeolifeClient    - Driving to location POINT (116.32675 39.994467) in 5 seconds
[m[36m15:58:26.118 [Weihnachtsmann-2] DEBUG moving_client.GeolifeClient    - Driving to location POINT (116.319873 40.007429) in 5 seconds
[m[36m15:58:26.122 [Weihnachtsmann-1] DEBUG moving_client.GeolifeClient    - Driving to location POINT (116.317761 39.984608) in 5 seconds
[m[36m15:58:26.130 [Weihnachtsmann-7] DEBUG moving_client.GeolifeClient    - Driving to location POINT (116.326677 39.991822) in 5 seconds
[m[36m15:58:27.110 [Weihnachtsmann-3] DEBUG moving_client.GeolifeClient    - Driving to location POINT (116.370624 39.906936) in 5 seconds
[m[36m15:58:27.125 [Weihnachtsmann-5] DEBUG moving_client.GeolifeClient    - Driving to location POINT (116.297133 40.012391) in 2 seconds
[m[36m15:58:28.174 [Weihnachtsmann-9] DEBUG moving_client.GeolifeClient    - Driving to location POINT (116.32648 39.995358) in 5 seconds
[m[36m15:58:28.182 [Weihnachtsmann-4] DEBUG moving_client.GeolifeClient    - Driving to location POINT (116.326668 39.994593) in 5 seconds
[m[36m15:58:29.134 [Weihnachtsmann-10] DEBUG moving_client.GeolifeClient    - Driving to location POINT (116.326354 39.997437) in 5 seconds
[m[36m15:58:29.134 [Weihnachtsmann-5] DEBUG moving_client.GeolifeClient    - Driving to location POINT (116.297162 40.012395) in 5 seconds
[m[36m15:58:30.130 [Weihnachtsmann-6] DEBUG moving_client.GeolifeClient    - Driving to location POINT (116.326781 39.994501) in 5 seconds
[m[36m15:58:31.123 [Weihnachtsmann-2] DEBUG moving_client.GeolifeClient    - Driving to location POINT (116.320013 40.007499) in 5 seconds
[m[36m15:58:31.130 [Weihnachtsmann-1] DEBUG moving_client.GeolifeClient    - Driving to location POINT (116.317517 39.984563) in 5 seconds
[m[36m15:58:31.135 [Weihnachtsmann-7] DEBUG moving_client.GeolifeClient    - Driving to location POINT (116.326712 39.991795) in 5 seconds
[m[36m15:58:32.117 [Weihnachtsmann-3] DEBUG moving_client.GeolifeClient    - Driving to location POINT (116.370794 39.906806) in 5 seconds
[m[36m15:58:33.181 [Weihnachtsmann-9] DEBUG moving_client.GeolifeClient    - Driving to location POINT (116.326425 39.995464) in 5 seconds
[m[36m15:58:33.188 [Weihnachtsmann-4] DEBUG moving_client.GeolifeClient    - Driving to location POINT (116.326612 39.994564) in 5 seconds
[m[36m15:58:34.141 [Weihnachtsmann-5] DEBUG moving_client.GeolifeClient    - Driving to location POINT (116.297183 40.012429) in 5 seconds
[m[36m15:58:34.142 [Weihnachtsmann-10] DEBUG moving_client.GeolifeClient    - Driving to location POINT (116.326227 39.997358) in 5 seconds
[m[36m15:58:35.135 [Weihnachtsmann-6] DEBUG moving_client.GeolifeClient    - Driving to location POINT (116.326814 39.994548) in 5 seconds
[m[36m15:58:36.129 [Weihnachtsmann-2] DEBUG moving_client.GeolifeClient    - Driving to location POINT (116.320165 40.007514) in 5 seconds
[m[36m15:58:36.135 [Weihnachtsmann-1] DEBUG moving_client.GeolifeClient    - Driving to location POINT (116.317294 39.984539) in 5 seconds
[m[36m15:58:36.138 [Weihnachtsmann-7] DEBUG moving_client.GeolifeClient    - Driving to location POINT (116.326725 39.991669) in 5 seconds
[m[36m15:58:37.124 [Weihnachtsmann-3] DEBUG moving_client.GeolifeClient    - Driving to location POINT (116.370909 39.906793) in 5 seconds
[m[36m15:58:38.189 [Weihnachtsmann-9] DEBUG moving_client.GeolifeClient    - Driving to location POINT (116.326402 39.995647) in 5 seconds
[m[36m15:58:38.195 [Weihnachtsmann-4] DEBUG moving_client.GeolifeClient    - Driving to location POINT (116.326542 39.994549) in 5 seconds
[m[36m15:58:39.146 [Weihnachtsmann-10] DEBUG moving_client.GeolifeClient    - Driving to location POINT (116.326079 39.997304) in 5 seconds
[m[36m15:58:39.147 [Weihnachtsmann-5] DEBUG moving_client.GeolifeClient    - Driving to location POINT (116.297212 40.012478) in 5 seconds
[m[36m15:58:40.142 [Weihnachtsmann-6] DEBUG moving_client.GeolifeClient    - Driving to location POINT (116.326856 39.994531) in 5 seconds
[m[36m15:58:41.133 [Weihnachtsmann-2] DEBUG moving_client.GeolifeClient    - Driving to location POINT (116.320176 40.007578) in 5 seconds
[m[36m15:58:41.140 [Weihnachtsmann-1] DEBUG moving_client.GeolifeClient    - Driving to location POINT (116.317065 39.984606) in 5 seconds
[m[36m15:58:41.144 [Weihnachtsmann-7] DEBUG moving_client.GeolifeClient    - Driving to location POINT (116.326717 39.991589) in 5 seconds
[m[36m15:58:42.130 [Weihnachtsmann-3] DEBUG moving_client.GeolifeClient    - Driving to location POINT (116.370958 39.906795) in 5 seconds
[m[36m15:58:43.195 [Weihnachtsmann-9] DEBUG moving_client.GeolifeClient    - Driving to location POINT (116.326379 39.995868) in 5 seconds
[m[36m15:58:43.200 [Weihnachtsmann-4] DEBUG moving_client.GeolifeClient    - Driving to location POINT (116.32651 39.994551) in 5 seconds
[m[36m15:58:44.164 [Weihnachtsmann-10] DEBUG moving_client.GeolifeClient    - Driving to location POINT (116.325943 39.997267) in 5 seconds
[m[36m15:58:44.164 [Weihnachtsmann-5] DEBUG moving_client.GeolifeClient    - Driving to location POINT (116.297231 40.012503) in 5 seconds
[m[36m15:58:45.147 [Weihnachtsmann-6] DEBUG moving_client.GeolifeClient    - Driving to location POINT (116.326873 39.994501) in 5 seconds
[m[36m15:58:46.140 [Weihnachtsmann-2] DEBUG moving_client.GeolifeClient    - Driving to location POINT (116.320214 40.007694) in 5 seconds
[m[36m15:58:46.146 [Weihnachtsmann-1] DEBUG moving_client.GeolifeClient    - Driving to location POINT (116.316911 39.984568) in 5 seconds
[m[36m15:58:46.151 [Weihnachtsmann-7] DEBUG moving_client.GeolifeClient    - Driving to location POINT (116.326708 39.991578) in 5 seconds
[m[36m15:58:47.138 [Weihnachtsmann-3] DEBUG moving_client.GeolifeClient    - Driving to location POINT (116.371029 39.906769) in 5 seconds
[m[36m15:58:48.201 [Weihnachtsmann-9] DEBUG moving_client.GeolifeClient    - Driving to location POINT (116.326359 39.996123) in 5 seconds
[m[36m15:58:48.205 [Weihnachtsmann-4] DEBUG moving_client.GeolifeClient    - Driving to location POINT (116.326425 39.994547) in 5 seconds
[m[36m15:58:49.172 [Weihnachtsmann-10] DEBUG moving_client.GeolifeClient    - Driving to location POINT (116.325793 39.997194) in 5 seconds
[m[36m15:58:49.173 [Weihnachtsmann-5] DEBUG moving_client.GeolifeClient    - Driving to location POINT (116.297268 40.01254) in 5 seconds
[m[36m15:58:50.152 [Weihnachtsmann-6] DEBUG moving_client.GeolifeClient    - Driving to location POINT (116.326884 39.994535) in 5 seconds
[m[36m15:58:51.146 [Weihnachtsmann-2] DEBUG moving_client.GeolifeClient    - Driving to location POINT (116.320357 40.007739) in 5 seconds
[m[36m15:58:51.153 [Weihnachtsmann-1] DEBUG moving_client.GeolifeClient    - Driving to location POINT (116.316716 39.984586) in 5 seconds
[m[36m15:58:51.154 [Weihnachtsmann-7] DEBUG moving_client.GeolifeClient    - Driving to location POINT (116.326702 39.991589) in 5 seconds
[m[36m15:58:52.144 [Weihnachtsmann-3] DEBUG moving_client.GeolifeClient    - Driving to location POINT (116.371056 39.906813) in 5 seconds
[m[36m15:58:53.207 [Weihnachtsmann-9] DEBUG moving_client.GeolifeClient    - Driving to location POINT (116.32641 39.996377) in 5 seconds
[m[36m15:58:53.213 [Weihnachtsmann-4] DEBUG moving_client.GeolifeClient    - Driving to location POINT (116.326341 39.994554) in 5 seconds
[m[36m15:58:54.179 [Weihnachtsmann-5] DEBUG moving_client.GeolifeClient    - Driving to location POINT (116.297274 40.012576) in 5 seconds
[m[36m15:58:54.179 [Weihnachtsmann-10] DEBUG moving_client.GeolifeClient    - Driving to location POINT (116.326294 39.996085) in 35 seconds
[m[36m15:58:55.158 [Weihnachtsmann-6] DEBUG moving_client.GeolifeClient    - Driving to location POINT (116.326946 39.994553) in 5 seconds
[m[36m15:58:56.154 [Weihnachtsmann-2] DEBUG moving_client.GeolifeClient    - Driving to location POINT (116.320544 40.007834) in 5 seconds
[m[36m15:58:56.161 [Weihnachtsmann-7] DEBUG moving_client.GeolifeClient    - Driving to location POINT (116.326705 39.991607) in 5 seconds
[m[36m15:58:56.162 [Weihnachtsmann-1] DEBUG moving_client.GeolifeClient    - Driving to location POINT (116.316527 39.984561) in 5 seconds
[m[36m15:58:57.151 [Weihnachtsmann-3] DEBUG moving_client.GeolifeClient    - Driving to location POINT (116.371095 39.906864) in 5 seconds
[m[36m15:58:58.213 [Weihnachtsmann-9] DEBUG moving_client.GeolifeClient    - Driving to location POINT (116.326393 39.996555) in 5 seconds
[m[36m15:58:58.219 [Weihnachtsmann-4] DEBUG moving_client.GeolifeClient    - Driving to location POINT (116.326361 39.994609) in 5 seconds
[m[36m15:58:59.186 [Weihnachtsmann-5] DEBUG moving_client.GeolifeClient    - Driving to location POINT (116.297261 40.012585) in 5 seconds
[m[32m15:59:00.001 [main           ] INFO  moving_client.GeolifeClient    - Stopping GeolifeClient Weihnachtsmann-1
[m[32m15:59:00.020 [main           ] INFO  moving_client.GeolifeClient    - Stopping GeolifeClient Weihnachtsmann-2
[m[32m15:59:00.022 [Weihnachtsmann-1] INFO  communication.ZMQProcess_BenchmarkClient - Benchmark results have been written to benchmark_client_results/Weihnachtsmann-1.txt
[m[32m15:59:00.022 [Weihnachtsmann-1] INFO  communication.ZMQProcess_BenchmarkClient - Shut down ZMQProcess_BenchmarkClient, orders and broker sockets were destroyed.
[m[32m15:59:00.023 [main           ] INFO  moving_client.GeolifeClient    - Stopping GeolifeClient Weihnachtsmann-3
[m[32m15:59:00.024 [Weihnachtsmann-2] INFO  communication.ZMQProcess_BenchmarkClient - Benchmark results have been written to benchmark_client_results/Weihnachtsmann-2.txt
[m[32m15:59:00.025 [Weihnachtsmann-2] INFO  communication.ZMQProcess_BenchmarkClient - Shut down ZMQProcess_BenchmarkClient, orders and broker sockets were destroyed.
[m[32m15:59:00.025 [main           ] INFO  moving_client.GeolifeClient    - Stopping GeolifeClient Weihnachtsmann-4
[m[32m15:59:00.026 [main           ] INFO  moving_client.GeolifeClient    - Stopping GeolifeClient Weihnachtsmann-5
[m[32m15:59:00.026 [Weihnachtsmann-3] INFO  communication.ZMQProcess_BenchmarkClient - Benchmark results have been written to benchmark_client_results/Weihnachtsmann-3.txt
[m[32m15:59:00.026 [Weihnachtsmann-3] INFO  communication.ZMQProcess_BenchmarkClient - Shut down ZMQProcess_BenchmarkClient, orders and broker sockets were destroyed.
[m[32m15:59:00.032 [Weihnachtsmann-4] INFO  communication.ZMQProcess_BenchmarkClient - Benchmark results have been written to benchmark_client_results/Weihnachtsmann-4.txt
[m[32m15:59:00.032 [Weihnachtsmann-4] INFO  communication.ZMQProcess_BenchmarkClient - Shut down ZMQProcess_BenchmarkClient, orders and broker sockets were destroyed.
[m[32m15:59:00.033 [main           ] INFO  moving_client.GeolifeClient    - Stopping GeolifeClient Weihnachtsmann-6
[m[32m15:59:00.037 [Weihnachtsmann-5] INFO  communication.ZMQProcess_BenchmarkClient - Benchmark results have been written to benchmark_client_results/Weihnachtsmann-5.txt
[m[32m15:59:00.038 [Weihnachtsmann-5] INFO  communication.ZMQProcess_BenchmarkClient - Shut down ZMQProcess_BenchmarkClient, orders and broker sockets were destroyed.
[m[32m15:59:00.041 [main           ] INFO  moving_client.GeolifeClient    - Stopping GeolifeClient Weihnachtsmann-7
[m[32m15:59:00.044 [Weihnachtsmann-6] INFO  communication.ZMQProcess_BenchmarkClient - Benchmark results have been written to benchmark_client_results/Weihnachtsmann-6.txt
[m[32m15:59:00.044 [main           ] INFO  moving_client.GeolifeClient    - Stopping GeolifeClient Weihnachtsmann-8
[m[32m15:59:00.044 [Weihnachtsmann-6] INFO  communication.ZMQProcess_BenchmarkClient - Shut down ZMQProcess_BenchmarkClient, orders and broker sockets were destroyed.
[m[32m15:59:00.044 [Weihnachtsmann-7] INFO  communication.ZMQProcess_BenchmarkClient - Benchmark results have been written to benchmark_client_results/Weihnachtsmann-7.txt
[m[32m15:59:00.045 [Weihnachtsmann-7] INFO  communication.ZMQProcess_BenchmarkClient - Shut down ZMQProcess_BenchmarkClient, orders and broker sockets were destroyed.
[m[32m15:59:00.045 [main           ] INFO  moving_client.GeolifeClient    - Stopping GeolifeClient Weihnachtsmann-9
[m[32m15:59:00.046 [main           ] INFO  moving_client.GeolifeClient    - Stopping GeolifeClient Weihnachtsmann-10
[m[32m15:59:00.046 [Weihnachtsmann-8] INFO  communication.ZMQProcess_BenchmarkClient - Benchmark results have been written to benchmark_client_results/Weihnachtsmann-8.txt
[m[32m15:59:00.047 [Weihnachtsmann-8] INFO  communication.ZMQProcess_BenchmarkClient - Shut down ZMQProcess_BenchmarkClient, orders and broker sockets were destroyed.
[m[32m15:59:00.047 [Weihnachtsmann-9] INFO  communication.ZMQProcess_BenchmarkClient - Benchmark results have been written to benchmark_client_results/Weihnachtsmann-9.txt
[m[32m15:59:00.048 [Weihnachtsmann-9] INFO  communication.ZMQProcess_BenchmarkClient - Shut down ZMQProcess_BenchmarkClient, orders and broker sockets were destroyed.
[m[32m15:59:00.048 [Weihnachtsmann-10] INFO  communication.ZMQProcess_BenchmarkClient - Benchmark results have been written to benchmark_client_results/Weihnachtsmann-10.txt
[m[32m15:59:00.048 [Weihnachtsmann-10] INFO  communication.ZMQProcess_BenchmarkClient - Shut down ZMQProcess_BenchmarkClient, orders and broker sockets were destroyed.
[m[33m15:59:05.052 [main           ] WARN  communication.ZMQProcessManager - There are still open sockets in ZContext: [Req[3], Req[7], Req[13], Req[16], Req[21], Req[25], Req[29], Req[33], Req[37], Req[41]]. They are being closed now, but is it intended that they are still open?
[m[32m15:59:05.053 [main           ] INFO  communication.ZMQProcessManager - Teared down ZMQProcessManager
[m[32m15:59:05.053 [main           ] INFO  moving_client.ClientManager    - Experiments stopped
[m, subscriptions=
Subscription{id=(Weihnachtsmann-8,1)topic=data, geofence=BUFFER (POINT (116.326081 40.000035), 0.1)}, }Client{heartbeat=1547045904118, clientIdentifier='Weihnachtsmann-5', location=POINT (116.297133 40.012398), subscriptions=
Subscription{id=(Weihnachtsmann-5,1)topic=data, geofence=BUFFER (POINT (116.297133 40.012398), 0.1)}, }Client{heartbeat=1547045905124, clientIdentifier='Weihnachtsmann-6', location=POINT (116.326712 39.99445), subscriptions=
Subscription{id=(Weihnachtsmann-6,1)topic=data, geofence=BUFFER (POINT (116.326712 39.99445), 0.1)}, }Client{heartbeat=1547045902101, clientIdentifier='Weihnachtsmann-3', location=POINT (116.370454 39.907014), subscriptions=
Subscription{id=(Weihnachtsmann-3,1)topic=data, geofence=BUFFER (POINT (116.370454 39.907014), 0.1)}, }Client{heartbeat=1547045903176, clientIdentifier='Weihnachtsmann-4', location=POINT (116.326765 39.994601), subscriptions=
Subscription{id=(Weihnachtsmann-4,1)topic=data, geofence=BUFFER (POINT (116.326765 39.994601), 0.1)}, }Client{heartbeat=1547045906123, clientIdentifier='Weihnachtsmann-1', location=POINT (116.318026 39.984611), subscriptions=
Subscription{id=(Weihnachtsmann-1,1)topic=data, geofence=BUFFER (POINT (116.318026 39.984611), 0.1)}, }Client{heartbeat=1547045906117, clientIdentifier='Weihnachtsmann-2', location=POINT (116.319727 40.007366), subscriptions=
Subscription{id=(Weihnachtsmann-2,1)topic=data, geofence=BUFFER (POINT (116.319727 40.007366), 0.1)}, }Client{heartbeat=1547045904127, clientIdentifier='Weihnachtsmann-10', location=POINT (116.326526 39.997583), subscriptions=
Subscription{id=(Weihnachtsmann-10,1)topic=data, geofence=BUFFER (POINT (116.326526 39.997583), 0.1)}, }
[m[32m15:58:28.611 [main           ] INFO  main.Broker                    - Client{heartbeat=1547045908173, clientIdentifier='Weihnachtsmann-9', location=POINT (116.326572 39.995193), subscriptions=
Subscription{id=(Weihnachtsmann-9,1)topic=data, geofence=BUFFER (POINT (116.326572 39.995193), 0.1)}, }Client{heartbeat=1547045906132, clientIdentifier='Weihnachtsmann-7', location=POINT (116.326657 39.991825), subscriptions=
Subscription{id=(Weihnachtsmann-7,1)topic=data, geofence=BUFFER (POINT (116.326657 39.991825), 0.1)}, }Client{heartbeat=1547045902119, clientIdentifier='Weihnachtsmann-8', location=POINT (116.326081 40.000035), subscriptions=
Subscription{id=(Weihnachtsmann-8,1)topic=data, geofence=BUFFER (POINT (116.326081 40.000035), 0.1)}, }Client{heartbeat=1547045907124, clientIdentifier='Weihnachtsmann-5', location=POINT (116.297133 40.012398), subscriptions=
Subscription{id=(Weihnachtsmann-5,1)topic=data, geofence=BUFFER (POINT (116.297133 40.012398), 0.1)}, }Client{heartbeat=1547045905124, clientIdentifier='Weihnachtsmann-6', location=POINT (116.326712 39.99445), subscriptions=
Subscription{id=(Weihnachtsmann-6,1)topic=data, geofence=BUFFER (POINT (116.326712 39.99445), 0.1)}, }Client{heartbeat=1547045907108, clientIdentifier='Weihnachtsmann-3', location=POINT (116.370534 39.907008), subscriptions=
Subscription{id=(Weihnachtsmann-3,1)topic=data, geofence=BUFFER (POINT (116.370534 39.907008), 0.1)}, }Client{heartbeat=1547045908181, clientIdentifier='Weihnachtsmann-4', location=POINT (116.326731 39.994584), subscriptions=
Subscription{id=(Weihnachtsmann-4,1)topic=data, geofence=BUFFER (POINT (116.326731 39.994584), 0.1)}, }Client{heartbeat=1547045906123, clientIdentifier='Weihnachtsmann-1', location=POINT (116.318026 39.984611), subscriptions=
Subscription{id=(Weihnachtsmann-1,1)topic=data, geofence=BUFFER (POINT (116.318026 39.984611), 0.1)}, }Client{heartbeat=1547045906117, clientIdentifier='Weihnachtsmann-2', location=POINT (116.319727 40.007366), subscriptions=
Subscription{id=(Weihnachtsmann-2,1)topic=data, geofence=BUFFER (POINT (116.319727 40.007366), 0.1)}, }Client{heartbeat=1547045904127, clientIdentifier='Weihnachtsmann-10', location=POINT (116.326526 39.997583), subscriptions=
Subscription{id=(Weihnachtsmann-10,1)topic=data, geofence=BUFFER (POINT (116.326526 39.997583), 0.1)}, }
[m[32m15:58:30.625 [main           ] INFO  main.Broker                    - Client{heartbeat=1547045908173, clientIdentifier='Weihnachtsmann-9', location=POINT (116.326572 39.995193), subscriptions=
Subscription{id=(Weihnachtsmann-9,1)topic=data, geofence=BUFFER (POINT (116.326572 39.995193), 0.1)}, }Client{heartbeat=1547045906132, clientIdentifier='Weihnachtsmann-7', location=POINT (116.326657 39.991825), subscriptions=
Subscription{id=(Weihnachtsmann-7,1)topic=data, geofence=BUFFER (POINT (116.326657 39.991825), 0.1)}, }Client{heartbeat=1547045902119, clientIdentifier='Weihnachtsmann-8', location=POINT (116.326081 40.000035), subscriptions=
Subscription{id=(Weihnachtsmann-8,1)topic=data, geofence=BUFFER (POINT (116.326081 40.000035), 0.1)}, }Client{heartbeat=1547045909129, clientIdentifier='Weihnachtsmann-5', location=POINT (116.297133 40.012391), subscriptions=
Subscription{id=(Weihnachtsmann-5,1)topic=data, geofence=BUFFER (POINT (116.297133 40.012391), 0.1)}, }Client{heartbeat=1547045910129, clientIdentifier='Weihnachtsmann-6', location=POINT (116.32675 39.994467), subscriptions=
Subscription{id=(Weihnachtsmann-6,1)topic=data, geofence=BUFFER (POINT (116.32675 39.994467), 0.1)}, }Client{heartbeat=1547045907108, clientIdentifier='Weihnachtsmann-3', location=POINT (116.370534 39.907008), subscriptions=
Subscription{id=(Weihnachtsmann-3,1)topic=data, geofence=BUFFER (POINT (116.370534 39.907008), 0.1)}, }Client{heartbeat=1547045908181, clientIdentifier='Weihnachtsmann-4', location=POINT (116.326731 39.994584), subscriptions=
Subscription{id=(Weihnachtsmann-4,1)topic=data, geofence=BUFFER (POINT (116.326731 39.994584), 0.1)}, }Client{heartbeat=1547045906123, clientIdentifier='Weihnachtsmann-1', location=POINT (116.318026 39.984611), subscriptions=
Subscription{id=(Weihnachtsmann-1,1)topic=data, geofence=BUFFER (POINT (116.318026 39.984611), 0.1)}, }Client{heartbeat=1547045906117, clientIdentifier='Weihnachtsmann-2', location=POINT (116.319727 40.007366), subscriptions=
Subscription{id=(Weihnachtsmann-2,1)topic=data, geofence=BUFFER (POINT (116.319727 40.007366), 0.1)}, }Client{heartbeat=1547045909129, clientIdentifier='Weihnachtsmann-10', location=POINT (116.326441 39.997524), subscriptions=
Subscription{id=(Weihnachtsmann-10,1)topic=data, geofence=BUFFER (POINT (116.326441 39.997524), 0.1)}, }
[m[32m15:58:32.629 [main           ] INFO  main.Broker                    - Client{heartbeat=1547045908173, clientIdentifier='Weihnachtsmann-9', location=POINT (116.326572 39.995193), subscriptions=
Subscription{id=(Weihnachtsmann-9,1)topic=data, geofence=BUFFER (POINT (116.326572 39.995193), 0.1)}, }Client{heartbeat=1547045911133, clientIdentifier='Weihnachtsmann-7', location=POINT (116.326677 39.991822), subscriptions=
Subscription{id=(Weihnachtsmann-7,1)topic=data, geofence=BUFFER (POINT (116.326677 39.991822), 0.1)}, }Client{heartbeat=1547045902119, clientIdentifier='Weihnachtsmann-8', location=POINT (116.326081 40.000035), subscriptions=
Subscription{id=(Weihnachtsmann-8,1)topic=data, geofence=BUFFER (POINT (116.326081 40.000035), 0.1)}, }Client{heartbeat=1547045909129, clientIdentifier='Weihnachtsmann-5', location=POINT (116.297133 40.012391), subscriptions=
Subscription{id=(Weihnachtsmann-5,1)topic=data, geofence=BUFFER (POINT (116.297133 40.012391), 0.1)}, }Client{heartbeat=1547045910129, clientIdentifier='Weihnachtsmann-6', location=POINT (116.32675 39.994467), subscriptions=
Subscription{id=(Weihnachtsmann-6,1)topic=data, geofence=BUFFER (POINT (116.32675 39.994467), 0.1)}, }Client{heartbeat=1547045912117, clientIdentifier='Weihnachtsmann-3', location=POINT (116.370624 39.906936), subscriptions=
Subscription{id=(Weihnachtsmann-3,1)topic=data, geofence=BUFFER (POINT (116.370624 39.906936), 0.1)}, }Client{heartbeat=1547045908181, clientIdentifier='Weihnachtsmann-4', location=POINT (116.326731 39.994584), subscriptions=
Subscription{id=(Weihnachtsmann-4,1)topic=data, geofence=BUFFER (POINT (116.326731 39.994584), 0.1)}, }Client{heartbeat=1547045911129, clientIdentifier='Weihnachtsmann-1', location=POINT (116.317761 39.984608), subscriptions=
Subscription{id=(Weihnachtsmann-1,1)topic=data, geofence=BUFFER (POINT (116.317761 39.984608), 0.1)}, }Client{heartbeat=1547045911123, clientIdentifier='Weihnachtsmann-2', location=POINT (116.319873 40.007429), subscriptions=
Subscription{id=(Weihnachtsmann-2,1)topic=data, geofence=BUFFER (POINT (116.319873 40.007429), 0.1)}, }Client{heartbeat=1547045909129, clientIdentifier='Weihnachtsmann-10', location=POINT (116.326441 39.997524), subscriptions=
Subscription{id=(Weihnachtsmann-10,1)topic=data, geofence=BUFFER (POINT (116.326441 39.997524), 0.1)}, }
[m[32m15:58:34.636 [main           ] INFO  main.Broker                    - Client{heartbeat=1547045913180, clientIdentifier='Weihnachtsmann-9', location=POINT (116.32648 39.995358), subscriptions=
Subscription{id=(Weihnachtsmann-9,1)topic=data, geofence=BUFFER (POINT (116.32648 39.995358), 0.1)}, }Client{heartbeat=1547045911133, clientIdentifier='Weihnachtsmann-7', location=POINT (116.326677 39.991822), subscriptions=
Subscription{id=(Weihnachtsmann-7,1)topic=data, geofence=BUFFER (POINT (116.326677 39.991822), 0.1)}, }Client{heartbeat=1547045902119, clientIdentifier='Weihnachtsmann-8', location=POINT (116.326081 40.000035), subscriptions=
Subscription{id=(Weihnachtsmann-8,1)topic=data, geofence=BUFFER (POINT (116.326081 40.000035), 0.1)}, }Client{heartbeat=1547045914141, clientIdentifier='Weihnachtsmann-5', location=POINT (116.297162 40.012395), subscriptions=
Subscription{id=(Weihnachtsmann-5,1)topic=data, geofence=BUFFER (POINT (116.297162 40.012395), 0.1)}, }Client{heartbeat=1547045910129, clientIdentifier='Weihnachtsmann-6', location=POINT (116.32675 39.994467), subscriptions=
Subscription{id=(Weihnachtsmann-6,1)topic=data, geofence=BUFFER (POINT (116.32675 39.994467), 0.1)}, }Client{heartbeat=1547045912117, clientIdentifier='Weihnachtsmann-3', location=POINT (116.370624 39.906936), subscriptions=
Subscription{id=(Weihnachtsmann-3,1)topic=data, geofence=BUFFER (POINT (116.370624 39.906936), 0.1)}, }Client{heartbeat=1547045913188, clientIdentifier='Weihnachtsmann-4', location=POINT (116.326668 39.994593), subscriptions=
Subscription{id=(Weihnachtsmann-4,1)topic=data, geofence=BUFFER (POINT (116.326668 39.994593), 0.1)}, }Client{heartbeat=1547045911129, clientIdentifier='Weihnachtsmann-1', location=POINT (116.317761 39.984608), subscriptions=
Subscription{id=(Weihnachtsmann-1,1)topic=data, geofence=BUFFER (POINT (116.317761 39.984608), 0.1)}, }Client{heartbeat=1547045911123, clientIdentifier='Weihnachtsmann-2', location=POINT (116.319873 40.007429), subscriptions=
Subscription{id=(Weihnachtsmann-2,1)topic=data, geofence=BUFFER (POINT (116.319873 40.007429), 0.1)}, }Client{heartbeat=1547045914140, clientIdentifier='Weihnachtsmann-10', location=POINT (116.326354 39.997437), subscriptions=
Subscription{id=(Weihnachtsmann-10,1)topic=data, geofence=BUFFER (POINT (116.326354 39.997437), 0.1)}, }
[m[32m15:58:36.642 [main           ] INFO  main.Broker                    - Client{heartbeat=1547045913180, clientIdentifier='Weihnachtsmann-9', location=POINT (116.32648 39.995358), subscriptions=
Subscription{id=(Weihnachtsmann-9,1)topic=data, geofence=BUFFER (POINT (116.32648 39.995358), 0.1)}, }Client{heartbeat=1547045916138, clientIdentifier='Weihnachtsmann-7', location=POINT (116.326712 39.991795), subscriptions=
Subscription{id=(Weihnachtsmann-7,1)topic=data, geofence=BUFFER (POINT (116.326712 39.991795), 0.1)}, }Client{heartbeat=1547045902119, clientIdentifier='Weihnachtsmann-8', location=POINT (116.326081 40.000035), subscriptions=
Subscription{id=(Weihnachtsmann-8,1)topic=data, geofence=BUFFER (POINT (116.326081 40.000035), 0.1)}, }Client{heartbeat=1547045914141, clientIdentifier='Weihnachtsmann-5', location=POINT (116.297162 40.012395), subscriptions=
Subscription{id=(Weihnachtsmann-5,1)topic=data, geofence=BUFFER (POINT (116.297162 40.012395), 0.1)}, }Client{heartbeat=1547045915135, clientIdentifier='Weihnachtsmann-6', location=POINT (116.326781 39.994501), subscriptions=
Subscription{id=(Weihnachtsmann-6,1)topic=data, geofence=BUFFER (POINT (116.326781 39.994501), 0.1)}, }Client{heartbeat=1547045912117, clientIdentifier='Weihnachtsmann-3', location=POINT (116.370624 39.906936), subscriptions=
Subscription{id=(Weihnachtsmann-3,1)topic=data, geofence=BUFFER (POINT (116.370624 39.906936), 0.1)}, }Client{heartbeat=1547045913188, clientIdentifier='Weihnachtsmann-4', location=POINT (116.326668 39.994593), subscriptions=
Subscription{id=(Weihnachtsmann-4,1)topic=data, geofence=BUFFER (POINT (116.326668 39.994593), 0.1)}, }Client{heartbeat=1547045916133, clientIdentifier='Weihnachtsmann-1', location=POINT (116.317517 39.984563), subscriptions=
Subscription{id=(Weihnachtsmann-1,1)topic=data, geofence=BUFFER (POINT (116.317517 39.984563), 0.1)}, }Client{heartbeat=1547045916128, clientIdentifier='Weihnachtsmann-2', location=POINT (116.320013 40.007499), subscriptions=
Subscription{id=(Weihnachtsmann-2,1)topic=data, geofence=BUFFER (POINT (116.320013 40.007499), 0.1)}, }Client{heartbeat=1547045914140, clientIdentifier='Weihnachtsmann-10', location=POINT (116.326354 39.997437), subscriptions=
Subscription{id=(Weihnachtsmann-10,1)topic=data, geofence=BUFFER (POINT (116.326354 39.997437), 0.1)}, }
[m[32m15:58:38.646 [main           ] INFO  main.Broker                    - Client{heartbeat=1547045918187, clientIdentifier='Weihnachtsmann-9', location=POINT (116.326425 39.995464), subscriptions=
Subscription{id=(Weihnachtsmann-9,1)topic=data, geofence=BUFFER (POINT (116.326425 39.995464), 0.1)}, }Client{heartbeat=1547045916138, clientIdentifier='Weihnachtsmann-7', location=POINT (116.326712 39.991795), subscriptions=
Subscription{id=(Weihnachtsmann-7,1)topic=data, geofence=BUFFER (POINT (116.326712 39.991795), 0.1)}, }Client{heartbeat=1547045902119, clientIdentifier='Weihnachtsmann-8', location=POINT (116.326081 40.000035), subscriptions=
Subscription{id=(Weihnachtsmann-8,1)topic=data, geofence=BUFFER (POINT (116.326081 40.000035), 0.1)}, }Client{heartbeat=1547045914141, clientIdentifier='Weihnachtsmann-5', location=POINT (116.297162 40.012395), subscriptions=
Subscription{id=(Weihnachtsmann-5,1)topic=data, geofence=BUFFER (POINT (116.297162 40.012395), 0.1)}, }Client{heartbeat=1547045915135, clientIdentifier='Weihnachtsmann-6', location=POINT (116.326781 39.994501), subscriptions=
Subscription{id=(Weihnachtsmann-6,1)topic=data, geofence=BUFFER (POINT (116.326781 39.994501), 0.1)}, }Client{heartbeat=1547045917123, clientIdentifier='Weihnachtsmann-3', location=POINT (116.370794 39.906806), subscriptions=
Subscription{id=(Weihnachtsmann-3,1)topic=data, geofence=BUFFER (POINT (116.370794 39.906806), 0.1)}, }Client{heartbeat=1547045918195, clientIdentifier='Weihnachtsmann-4', location=POINT (116.326612 39.994564), subscriptions=
Subscription{id=(Weihnachtsmann-4,1)topic=data, geofence=BUFFER (POINT (116.326612 39.994564), 0.1)}, }Client{heartbeat=1547045916133, clientIdentifier='Weihnachtsmann-1', location=POINT (116.317517 39.984563), subscriptions=
Subscription{id=(Weihnachtsmann-1,1)topic=data, geofence=BUFFER (POINT (116.317517 39.984563), 0.1)}, }Client{heartbeat=1547045916128, clientIdentifier='Weihnachtsmann-2', location=POINT (116.320013 40.007499), subscriptions=
Subscription{id=(Weihnachtsmann-2,1)topic=data, geofence=BUFFER (POINT (116.320013 40.007499), 0.1)}, }Client{heartbeat=1547045914140, clientIdentifier='Weihnachtsmann-10', location=POINT (116.326354 39.997437), subscriptions=
Subscription{id=(Weihnachtsmann-10,1)topic=data, geofence=BUFFER (POINT (116.326354 39.997437), 0.1)}, }
[m[32m15:58:40.652 [main           ] INFO  main.Broker                    - Client{heartbeat=1547045918187, clientIdentifier='Weihnachtsmann-9', location=POINT (116.326425 39.995464), subscriptions=
Subscription{id=(Weihnachtsmann-9,1)topic=data, geofence=BUFFER (POINT (116.326425 39.995464), 0.1)}, }Client{heartbeat=1547045916138, clientIdentifier='Weihnachtsmann-7', location=POINT (116.326712 39.991795), subscriptions=
Subscription{id=(Weihnachtsmann-7,1)topic=data, geofence=BUFFER (POINT (116.326712 39.991795), 0.1)}, }Client{heartbeat=1547045902119, clientIdentifier='Weihnachtsmann-8', location=POINT (116.326081 40.000035), subscriptions=
Subscription{id=(Weihnachtsmann-8,1)topic=data, geofence=BUFFER (POINT (116.326081 40.000035), 0.1)}, }Client{heartbeat=1547045919145, clientIdentifier='Weihnachtsmann-5', location=POINT (116.297183 40.012429), subscriptions=
Subscription{id=(Weihnachtsmann-5,1)topic=data, geofence=BUFFER (POINT (116.297183 40.012429), 0.1)}, }Client{heartbeat=1547045920141, clientIdentifier='Weihnachtsmann-6', location=POINT (116.326814 39.994548), subscriptions=
Subscription{id=(Weihnachtsmann-6,1)topic=data, geofence=BUFFER (POINT (116.326814 39.994548), 0.1)}, }Client{heartbeat=1547045917123, clientIdentifier='Weihnachtsmann-3', location=POINT (116.370794 39.906806), subscriptions=
Subscription{id=(Weihnachtsmann-3,1)topic=data, geofence=BUFFER (POINT (116.370794 39.906806), 0.1)}, }Client{heartbeat=1547045918195, clientIdentifier='Weihnachtsmann-4', location=POINT (116.326612 39.994564), subscriptions=
Subscription{id=(Weihnachtsmann-4,1)topic=data, geofence=BUFFER (POINT (116.326612 39.994564), 0.1)}, }Client{heartbeat=1547045916133, clientIdentifier='Weihnachtsmann-1', location=POINT (116.317517 39.984563), subscriptions=
Subscription{id=(Weihnachtsmann-1,1)topic=data, geofence=BUFFER (POINT (116.317517 39.984563), 0.1)}, }Client{heartbeat=1547045916128, clientIdentifier='Weihnachtsmann-2', location=POINT (116.320013 40.007499), subscriptions=
Subscription{id=(Weihnachtsmann-2,1)topic=data, geofence=BUFFER (POINT (116.320013 40.007499), 0.1)}, }Client{heartbeat=1547045919146, clientIdentifier='Weihnachtsmann-10', location=POINT (116.326227 39.997358), subscriptions=
Subscription{id=(Weihnachtsmann-10,1)topic=data, geofence=BUFFER (POINT (116.326227 39.997358), 0.1)}, }
[m[32m15:58:42.654 [main           ] INFO  main.Broker                    - Client{heartbeat=1547045918187, clientIdentifier='Weihnachtsmann-9', location=POINT (116.326425 39.995464), subscriptions=
Subscription{id=(Weihnachtsmann-9,1)topic=data, geofence=BUFFER (POINT (116.326425 39.995464), 0.1)}, }Client{heartbeat=1547045921143, clientIdentifier='Weihnachtsmann-7', location=POINT (116.326725 39.991669), subscriptions=
Subscription{id=(Weihnachtsmann-7,1)topic=data, geofence=BUFFER (POINT (116.326725 39.991669), 0.1)}, }Client{heartbeat=1547045902119, clientIdentifier='Weihnachtsmann-8', location=POINT (116.326081 40.000035), subscriptions=
Subscription{id=(Weihnachtsmann-8,1)topic=data, geofence=BUFFER (POINT (116.326081 40.000035), 0.1)}, }Client{heartbeat=1547045919145, clientIdentifier='Weihnachtsmann-5', location=POINT (116.297183 40.012429), subscriptions=
Subscription{id=(Weihnachtsmann-5,1)topic=data, geofence=BUFFER (POINT (116.297183 40.012429), 0.1)}, }Client{heartbeat=1547045920141, clientIdentifier='Weihnachtsmann-6', location=POINT (116.326814 39.994548), subscriptions=
Subscription{id=(Weihnachtsmann-6,1)topic=data, geofence=BUFFER (POINT (116.326814 39.994548), 0.1)}, }Client{heartbeat=1547045922129, clientIdentifier='Weihnachtsmann-3', location=POINT (116.370909 39.906793), subscriptions=
Subscription{id=(Weihnachtsmann-3,1)topic=data, geofence=BUFFER (POINT (116.370909 39.906793), 0.1)}, }Client{heartbeat=1547045918195, clientIdentifier='Weihnachtsmann-4', location=POINT (116.326612 39.994564), subscriptions=
Subscription{id=(Weihnachtsmann-4,1)topic=data, geofence=BUFFER (POINT (116.326612 39.994564), 0.1)}, }Client{heartbeat=1547045921138, clientIdentifier='Weihnachtsmann-1', location=POINT (116.317294 39.984539), subscriptions=
Subscription{id=(Weihnachtsmann-1,1)topic=data, geofence=BUFFER (POINT (116.317294 39.984539), 0.1)}, }Client{heartbeat=1547045921132, clientIdentifier='Weihnachtsmann-2', location=POINT (116.320165 40.007514), subscriptions=
Subscription{id=(Weihnachtsmann-2,1)topic=data, geofence=BUFFER (POINT (116.320165 40.007514), 0.1)}, }Client{heartbeat=1547045919146, clientIdentifier='Weihnachtsmann-10', location=POINT (116.326227 39.997358), subscriptions=
Subscription{id=(Weihnachtsmann-10,1)topic=data, geofence=BUFFER (POINT (116.326227 39.997358), 0.1)}, }
[m[32m15:58:44.660 [main           ] INFO  main.Broker                    - Client{heartbeat=1547045923194, clientIdentifier='Weihnachtsmann-9', location=POINT (116.326402 39.995647), subscriptions=
Subscription{id=(Weihnachtsmann-9,1)topic=data, geofence=BUFFER (POINT (116.326402 39.995647), 0.1)}, }Client{heartbeat=1547045921143, clientIdentifier='Weihnachtsmann-7', location=POINT (116.326725 39.991669), subscriptions=
Subscription{id=(Weihnachtsmann-7,1)topic=data, geofence=BUFFER (POINT (116.326725 39.991669), 0.1)}, }Client{heartbeat=1547045902119, clientIdentifier='Weihnachtsmann-8', location=POINT (116.326081 40.000035), subscriptions=
Subscription{id=(Weihnachtsmann-8,1)topic=data, geofence=BUFFER (POINT (116.326081 40.000035), 0.1)}, }Client{heartbeat=1547045924156, clientIdentifier='Weihnachtsmann-5', location=POINT (116.297212 40.012478), subscriptions=
Subscription{id=(Weihnachtsmann-5,1)topic=data, geofence=BUFFER (POINT (116.297212 40.012478), 0.1)}, }Client{heartbeat=1547045920141, clientIdentifier='Weihnachtsmann-6', location=POINT (116.326814 39.994548), subscriptions=
Subscription{id=(Weihnachtsmann-6,1)topic=data, geofence=BUFFER (POINT (116.326814 39.994548), 0.1)}, }Client{heartbeat=1547045922129, clientIdentifier='Weihnachtsmann-3', location=POINT (116.370909 39.906793), subscriptions=
Subscription{id=(Weihnachtsmann-3,1)topic=data, geofence=BUFFER (POINT (116.370909 39.906793), 0.1)}, }Client{heartbeat=1547045923200, clientIdentifier='Weihnachtsmann-4', location=POINT (116.326542 39.994549), subscriptions=
Subscription{id=(Weihnachtsmann-4,1)topic=data, geofence=BUFFER (POINT (116.326542 39.994549), 0.1)}, }Client{heartbeat=1547045921138, clientIdentifier='Weihnachtsmann-1', location=POINT (116.317294 39.984539), subscriptions=
Subscription{id=(Weihnachtsmann-1,1)topic=data, geofence=BUFFER (POINT (116.317294 39.984539), 0.1)}, }Client{heartbeat=1547045921132, clientIdentifier='Weihnachtsmann-2', location=POINT (116.320165 40.007514), subscriptions=
Subscription{id=(Weihnachtsmann-2,1)topic=data, geofence=BUFFER (POINT (116.320165 40.007514), 0.1)}, }Client{heartbeat=1547045924154, clientIdentifier='Weihnachtsmann-10', location=POINT (116.326079 39.997304), subscriptions=
Subscription{id=(Weihnachtsmann-10,1)topic=data, geofence=BUFFER (POINT (116.326079 39.997304), 0.1)}, }
[m[32m15:58:46.666 [main           ] INFO  main.Broker                    - Client{heartbeat=1547045923194, clientIdentifier='Weihnachtsmann-9', location=POINT (116.326402 39.995647), subscriptions=
Subscription{id=(Weihnachtsmann-9,1)topic=data, geofence=BUFFER (POINT (116.326402 39.995647), 0.1)}, }Client{heartbeat=1547045926150, clientIdentifier='Weihnachtsmann-7', location=POINT (116.326717 39.991589), subscriptions=
Subscription{id=(Weihnachtsmann-7,1)topic=data, geofence=BUFFER (POINT (116.326717 39.991589), 0.1)}, }Client{heartbeat=1547045902119, clientIdentifier='Weihnachtsmann-8', location=POINT (116.326081 40.000035), subscriptions=
Subscription{id=(Weihnachtsmann-8,1)topic=data, geofence=BUFFER (POINT (116.326081 40.000035), 0.1)}, }Client{heartbeat=1547045924156, clientIdentifier='Weihnachtsmann-5', location=POINT (116.297212 40.012478), subscriptions=
Subscription{id=(Weihnachtsmann-5,1)topic=data, geofence=BUFFER (POINT (116.297212 40.012478), 0.1)}, }Client{heartbeat=1547045925146, clientIdentifier='Weihnachtsmann-6', location=POINT (116.326856 39.994531), subscriptions=
Subscription{id=(Weihnachtsmann-6,1)topic=data, geofence=BUFFER (POINT (116.326856 39.994531), 0.1)}, }Client{heartbeat=1547045922129, clientIdentifier='Weihnachtsmann-3', location=POINT (116.370909 39.906793), subscriptions=
Subscription{id=(Weihnachtsmann-3,1)topic=data, geofence=BUFFER (POINT (116.370909 39.906793), 0.1)}, }Client{heartbeat=1547045923200, clientIdentifier='Weihnachtsmann-4', location=POINT (116.326542 39.994549), subscriptions=
Subscription{id=(Weihnachtsmann-4,1)topic=data, geofence=BUFFER (POINT (116.326542 39.994549), 0.1)}, }Client{heartbeat=1547045926145, clientIdentifier='Weihnachtsmann-1', location=POINT (116.317065 39.984606), subscriptions=
Subscription{id=(Weihnachtsmann-1,1)topic=data, geofence=BUFFER (POINT (116.317065 39.984606), 0.1)}, }Client{heartbeat=1547045926139, clientIdentifier='Weihnachtsmann-2', location=POINT (116.320176 40.007578), subscriptions=
Subscription{id=(Weihnachtsmann-2,1)topic=data, geofence=BUFFER (POINT (116.320176 40.007578), 0.1)}, }Client{heartbeat=1547045924154, clientIdentifier='Weihnachtsmann-10', location=POINT (116.326079 39.997304), subscriptions=
Subscription{id=(Weihnachtsmann-10,1)topic=data, geofence=BUFFER (POINT (116.326079 39.997304), 0.1)}, }
[m[32m15:58:48.669 [main           ] INFO  main.Broker                    - Client{heartbeat=1547045928200, clientIdentifier='Weihnachtsmann-9', location=POINT (116.326379 39.995868), subscriptions=
Subscription{id=(Weihnachtsmann-9,1)topic=data, geofence=BUFFER (POINT (116.326379 39.995868), 0.1)}, }Client{heartbeat=1547045926150, clientIdentifier='Weihnachtsmann-7', location=POINT (116.326717 39.991589), subscriptions=
Subscription{id=(Weihnachtsmann-7,1)topic=data, geofence=BUFFER (POINT (116.326717 39.991589), 0.1)}, }Client{heartbeat=1547045902119, clientIdentifier='Weihnachtsmann-8', location=POINT (116.326081 40.000035), subscriptions=
Subscription{id=(Weihnachtsmann-8,1)topic=data, geofence=BUFFER (POINT (116.326081 40.000035), 0.1)}, }Client{heartbeat=1547045924156, clientIdentifier='Weihnachtsmann-5', location=POINT (116.297212 40.012478), subscriptions=
Subscription{id=(Weihnachtsmann-5,1)topic=data, geofence=BUFFER (POINT (116.297212 40.012478), 0.1)}, }Client{heartbeat=1547045925146, clientIdentifier='Weihnachtsmann-6', location=POINT (116.326856 39.994531), subscriptions=
Subscription{id=(Weihnachtsmann-6,1)topic=data, geofence=BUFFER (POINT (116.326856 39.994531), 0.1)}, }Client{heartbeat=1547045927136, clientIdentifier='Weihnachtsmann-3', location=POINT (116.370958 39.906795), subscriptions=
Subscription{id=(Weihnachtsmann-3,1)topic=data, geofence=BUFFER (POINT (116.370958 39.906795), 0.1)}, }Client{heartbeat=1547045928205, clientIdentifier='Weihnachtsmann-4', location=POINT (116.32651 39.994551), subscriptions=
Subscription{id=(Weihnachtsmann-4,1)topic=data, geofence=BUFFER (POINT (116.32651 39.994551), 0.1)}, }Client{heartbeat=1547045926145, clientIdentifier='Weihnachtsmann-1', location=POINT (116.317065 39.984606), subscriptions=
Subscription{id=(Weihnachtsmann-1,1)topic=data, geofence=BUFFER (POINT (116.317065 39.984606), 0.1)}, }Client{heartbeat=1547045926139, clientIdentifier='Weihnachtsmann-2', location=POINT (116.320176 40.007578), subscriptions=
Subscription{id=(Weihnachtsmann-2,1)topic=data, geofence=BUFFER (POINT (116.320176 40.007578), 0.1)}, }Client{heartbeat=1547045924154, clientIdentifier='Weihnachtsmann-10', location=POINT (116.326079 39.997304), subscriptions=
Subscription{id=(Weihnachtsmann-10,1)topic=data, geofence=BUFFER (POINT (116.326079 39.997304), 0.1)}, }
[m[32m15:58:50.674 [main           ] INFO  main.Broker                    - Client{heartbeat=1547045928200, clientIdentifier='Weihnachtsmann-9', location=POINT (116.326379 39.995868), subscriptions=
Subscription{id=(Weihnachtsmann-9,1)topic=data, geofence=BUFFER (POINT (116.326379 39.995868), 0.1)}, }Client{heartbeat=1547045926150, clientIdentifier='Weihnachtsmann-7', location=POINT (116.326717 39.991589), subscriptions=
Subscription{id=(Weihnachtsmann-7,1)topic=data, geofence=BUFFER (POINT (116.326717 39.991589), 0.1)}, }Client{heartbeat=1547045902119, clientIdentifier='Weihnachtsmann-8', location=POINT (116.326081 40.000035), subscriptions=
Subscription{id=(Weihnachtsmann-8,1)topic=data, geofence=BUFFER (POINT (116.326081 40.000035), 0.1)}, }Client{heartbeat=1547045929170, clientIdentifier='Weihnachtsmann-5', location=POINT (116.297231 40.012503), subscriptions=
Subscription{id=(Weihnachtsmann-5,1)topic=data, geofence=BUFFER (POINT (116.297231 40.012503), 0.1)}, }Client{heartbeat=1547045930150, clientIdentifier='Weihnachtsmann-6', location=POINT (116.326873 39.994501), subscriptions=
Subscription{id=(Weihnachtsmann-6,1)topic=data, geofence=BUFFER (POINT (116.326873 39.994501), 0.1)}, }Client{heartbeat=1547045927136, clientIdentifier='Weihnachtsmann-3', location=POINT (116.370958 39.906795), subscriptions=
Subscription{id=(Weihnachtsmann-3,1)topic=data, geofence=BUFFER (POINT (116.370958 39.906795), 0.1)}, }Client{heartbeat=1547045928205, clientIdentifier='Weihnachtsmann-4', location=POINT (116.32651 39.994551), subscriptions=
Subscription{id=(Weihnachtsmann-4,1)topic=data, geofence=BUFFER (POINT (116.32651 39.994551), 0.1)}, }Client{heartbeat=1547045926145, clientIdentifier='Weihnachtsmann-1', location=POINT (116.317065 39.984606), subscriptions=
Subscription{id=(Weihnachtsmann-1,1)topic=data, geofence=BUFFER (POINT (116.317065 39.984606), 0.1)}, }Client{heartbeat=1547045926139, clientIdentifier='Weihnachtsmann-2', location=POINT (116.320176 40.007578), subscriptions=
Subscription{id=(Weihnachtsmann-2,1)topic=data, geofence=BUFFER (POINT (116.320176 40.007578), 0.1)}, }Client{heartbeat=1547045929171, clientIdentifier='Weihnachtsmann-10', location=POINT (116.325943 39.997267), subscriptions=
Subscription{id=(Weihnachtsmann-10,1)topic=data, geofence=BUFFER (POINT (116.325943 39.997267), 0.1)}, }
[m[32m15:58:52.677 [main           ] INFO  main.Broker                    - Client{heartbeat=1547045928200, clientIdentifier='Weihnachtsmann-9', location=POINT (116.326379 39.995868), subscriptions=
Subscription{id=(Weihnachtsmann-9,1)topic=data, geofence=BUFFER (POINT (116.326379 39.995868), 0.1)}, }Client{heartbeat=1547045931157, clientIdentifier='Weihnachtsmann-7', location=POINT (116.326708 39.991578), subscriptions=
Subscription{id=(Weihnachtsmann-7,1)topic=data, geofence=BUFFER (POINT (116.326708 39.991578), 0.1)}, }Client{heartbeat=1547045902119, clientIdentifier='Weihnachtsmann-8', location=POINT (116.326081 40.000035), subscriptions=
Subscription{id=(Weihnachtsmann-8,1)topic=data, geofence=BUFFER (POINT (116.326081 40.000035), 0.1)}, }Client{heartbeat=1547045929170, clientIdentifier='Weihnachtsmann-5', location=POINT (116.297231 40.012503), subscriptions=
Subscription{id=(Weihnachtsmann-5,1)topic=data, geofence=BUFFER (POINT (116.297231 40.012503), 0.1)}, }Client{heartbeat=1547045930150, clientIdentifier='Weihnachtsmann-6', location=POINT (116.326873 39.994501), subscriptions=
Subscription{id=(Weihnachtsmann-6,1)topic=data, geofence=BUFFER (POINT (116.326873 39.994501), 0.1)}, }Client{heartbeat=1547045932143, clientIdentifier='Weihnachtsmann-3', location=POINT (116.371029 39.906769), subscriptions=
Subscription{id=(Weihnachtsmann-3,1)topic=data, geofence=BUFFER (POINT (116.371029 39.906769), 0.1)}, }Client{heartbeat=1547045928205, clientIdentifier='Weihnachtsmann-4', location=POINT (116.32651 39.994551), subscriptions=
Subscription{id=(Weihnachtsmann-4,1)topic=data, geofence=BUFFER (POINT (116.32651 39.994551), 0.1)}, }Client{heartbeat=1547045931152, clientIdentifier='Weihnachtsmann-1', location=POINT (116.316911 39.984568), subscriptions=
Subscription{id=(Weihnachtsmann-1,1)topic=data, geofence=BUFFER (POINT (116.316911 39.984568), 0.1)}, }Client{heartbeat=1547045931145, clientIdentifier='Weihnachtsmann-2', location=POINT (116.320214 40.007694), subscriptions=
Subscription{id=(Weihnachtsmann-2,1)topic=data, geofence=BUFFER (POINT (116.320214 40.007694), 0.1)}, }Client{heartbeat=1547045929171, clientIdentifier='Weihnachtsmann-10', location=POINT (116.325943 39.997267), subscriptions=
Subscription{id=(Weihnachtsmann-10,1)topic=data, geofence=BUFFER (POINT (116.325943 39.997267), 0.1)}, }
[m[32m15:58:54.682 [main           ] INFO  main.Broker                    - Client{heartbeat=1547045933206, clientIdentifier='Weihnachtsmann-9', location=POINT (116.326359 39.996123), subscriptions=
Subscription{id=(Weihnachtsmann-9,1)topic=data, geofence=BUFFER (POINT (116.326359 39.996123), 0.1)}, }Client{heartbeat=1547045931157, clientIdentifier='Weihnachtsmann-7', location=POINT (116.326708 39.991578), subscriptions=
Subscription{id=(Weihnachtsmann-7,1)topic=data, geofence=BUFFER (POINT (116.326708 39.991578), 0.1)}, }Client{heartbeat=1547045902119, clientIdentifier='Weihnachtsmann-8', location=POINT (116.326081 40.000035), subscriptions=
Subscription{id=(Weihnachtsmann-8,1)topic=data, geofence=BUFFER (POINT (116.326081 40.000035), 0.1)}, }Client{heartbeat=1547045934178, clientIdentifier='Weihnachtsmann-5', location=POINT (116.297268 40.01254), subscriptions=
Subscription{id=(Weihnachtsmann-5,1)topic=data, geofence=BUFFER (POINT (116.297268 40.01254), 0.1)}, }Client{heartbeat=1547045930150, clientIdentifier='Weihnachtsmann-6', location=POINT (116.326873 39.994501), subscriptions=
Subscription{id=(Weihnachtsmann-6,1)topic=data, geofence=BUFFER (POINT (116.326873 39.994501), 0.1)}, }Client{heartbeat=1547045932143, clientIdentifier='Weihnachtsmann-3', location=POINT (116.371029 39.906769), subscriptions=
Subscription{id=(Weihnachtsmann-3,1)topic=data, geofence=BUFFER (POINT (116.371029 39.906769), 0.1)}, }Client{heartbeat=1547045933212, clientIdentifier='Weihnachtsmann-4', location=POINT (116.326425 39.994547), subscriptions=
Subscription{id=(Weihnachtsmann-4,1)topic=data, geofence=BUFFER (POINT (116.326425 39.994547), 0.1)}, }Client{heartbeat=1547045931152, clientIdentifier='Weihnachtsmann-1', location=POINT (116.316911 39.984568), subscriptions=
Subscription{id=(Weihnachtsmann-1,1)topic=data, geofence=BUFFER (POINT (116.316911 39.984568), 0.1)}, }Client{heartbeat=1547045931145, clientIdentifier='Weihnachtsmann-2', location=POINT (116.320214 40.007694), subscriptions=
Subscription{id=(Weihnachtsmann-2,1)topic=data, geofence=BUFFER (POINT (116.320214 40.007694), 0.1)}, }Client{heartbeat=1547045934177, clientIdentifier='Weihnachtsmann-10', location=POINT (116.325793 39.997194), subscriptions=
Subscription{id=(Weihnachtsmann-10,1)topic=data, geofence=BUFFER (POINT (116.325793 39.997194), 0.1)}, }
[m[32m15:58:56.685 [main           ] INFO  main.Broker                    - Client{heartbeat=1547045933206, clientIdentifier='Weihnachtsmann-9', location=POINT (116.326359 39.996123), subscriptions=
Subscription{id=(Weihnachtsmann-9,1)topic=data, geofence=BUFFER (POINT (116.326359 39.996123), 0.1)}, }Client{heartbeat=1547045936163, clientIdentifier='Weihnachtsmann-7', location=POINT (116.326702 39.991589), subscriptions=
Subscription{id=(Weihnachtsmann-7,1)topic=data, geofence=BUFFER (POINT (116.326702 39.991589), 0.1)}, }Client{heartbeat=1547045902119, clientIdentifier='Weihnachtsmann-8', location=POINT (116.326081 40.000035), subscriptions=
Subscription{id=(Weihnachtsmann-8,1)topic=data, geofence=BUFFER (POINT (116.326081 40.000035), 0.1)}, }Client{heartbeat=1547045934178, clientIdentifier='Weihnachtsmann-5', location=POINT (116.297268 40.01254), subscriptions=
Subscription{id=(Weihnachtsmann-5,1)topic=data, geofence=BUFFER (POINT (116.297268 40.01254), 0.1)}, }Client{heartbeat=1547045935157, clientIdentifier='Weihnachtsmann-6', location=POINT (116.326884 39.994535), subscriptions=
Subscription{id=(Weihnachtsmann-6,1)topic=data, geofence=BUFFER (POINT (116.326884 39.994535), 0.1)}, }Client{heartbeat=1547045932143, clientIdentifier='Weihnachtsmann-3', location=POINT (116.371029 39.906769), subscriptions=
Subscription{id=(Weihnachtsmann-3,1)topic=data, geofence=BUFFER (POINT (116.371029 39.906769), 0.1)}, }Client{heartbeat=1547045933212, clientIdentifier='Weihnachtsmann-4', location=POINT (116.326425 39.994547), subscriptions=
Subscription{id=(Weihnachtsmann-4,1)topic=data, geofence=BUFFER (POINT (116.326425 39.994547), 0.1)}, }Client{heartbeat=1547045936163, clientIdentifier='Weihnachtsmann-1', location=POINT (116.316716 39.984586), subscriptions=
Subscription{id=(Weihnachtsmann-1,1)topic=data, geofence=BUFFER (POINT (116.316716 39.984586), 0.1)}, }Client{heartbeat=1547045936152, clientIdentifier='Weihnachtsmann-2', location=POINT (116.320357 40.007739), subscriptions=
Subscription{id=(Weihnachtsmann-2,1)topic=data, geofence=BUFFER (POINT (116.320357 40.007739), 0.1)}, }Client{heartbeat=1547045934177, clientIdentifier='Weihnachtsmann-10', location=POINT (116.325793 39.997194), subscriptions=
Subscription{id=(Weihnachtsmann-10,1)topic=data, geofence=BUFFER (POINT (116.325793 39.997194), 0.1)}, }
[m[32m15:58:58.686 [main           ] INFO  main.Broker                    - Client{heartbeat=1547045938212, clientIdentifier='Weihnachtsmann-9', location=POINT (116.32641 39.996377), subscriptions=
Subscription{id=(Weihnachtsmann-9,1)topic=data, geofence=BUFFER (POINT (116.32641 39.996377), 0.1)}, }Client{heartbeat=1547045936163, clientIdentifier='Weihnachtsmann-7', location=POINT (116.326702 39.991589), subscriptions=
Subscription{id=(Weihnachtsmann-7,1)topic=data, geofence=BUFFER (POINT (116.326702 39.991589), 0.1)}, }Client{heartbeat=1547045902119, clientIdentifier='Weihnachtsmann-8', location=POINT (116.326081 40.000035), subscriptions=
Subscription{id=(Weihnachtsmann-8,1)topic=data, geofence=BUFFER (POINT (116.326081 40.000035), 0.1)}, }Client{heartbeat=1547045934178, clientIdentifier='Weihnachtsmann-5', location=POINT (116.297268 40.01254), subscriptions=
Subscription{id=(Weihnachtsmann-5,1)topic=data, geofence=BUFFER (POINT (116.297268 40.01254), 0.1)}, }Client{heartbeat=1547045935157, clientIdentifier='Weihnachtsmann-6', location=POINT (116.326884 39.994535), subscriptions=
Subscription{id=(Weihnachtsmann-6,1)topic=data, geofence=BUFFER (POINT (116.326884 39.994535), 0.1)}, }Client{heartbeat=1547045937150, clientIdentifier='Weihnachtsmann-3', location=POINT (116.371056 39.906813), subscriptions=
Subscription{id=(Weihnachtsmann-3,1)topic=data, geofence=BUFFER (POINT (116.371056 39.906813), 0.1)}, }Client{heartbeat=1547045938219, clientIdentifier='Weihnachtsmann-4', location=POINT (116.326341 39.994554), subscriptions=
Subscription{id=(Weihnachtsmann-4,1)topic=data, geofence=BUFFER (POINT (116.326341 39.994554), 0.1)}, }Client{heartbeat=1547045936163, clientIdentifier='Weihnachtsmann-1', location=POINT (116.316716 39.984586), subscriptions=
Subscription{id=(Weihnachtsmann-1,1)topic=data, geofence=BUFFER (POINT (116.316716 39.984586), 0.1)}, }Client{heartbeat=1547045936152, clientIdentifier='Weihnachtsmann-2', location=POINT (116.320357 40.007739), subscriptions=
Subscription{id=(Weihnachtsmann-2,1)topic=data, geofence=BUFFER (POINT (116.320357 40.007739), 0.1)}, }Client{heartbeat=1547045934177, clientIdentifier='Weihnachtsmann-10', location=POINT (116.325793 39.997194), subscriptions=
Subscription{id=(Weihnachtsmann-10,1)topic=data, geofence=BUFFER (POINT (116.325793 39.997194), 0.1)}, }
[m[32m15:59:00.692 [main           ] INFO  main.Broker                    - 
[m[32m15:59:02.694 [main           ] INFO  main.Broker                    - 
[m[32m15:59:04.698 [main           ] INFO  main.Broker                    - 
[m[32m15:59:06.699 [main           ] INFO  main.Broker                    - 
[m[32m15:59:08.704 [main           ] INFO  main.Broker                    - 
[m[32m15:59:10.708 [main           ] INFO  main.Broker                    - 
[m[32m15:59:12.709 [main           ] INFO  main.Broker                    - 
[m[32m15:59:14.710 [main           ] INFO  main.Broker                    - 
[m[32m15:59:16.716 [main           ] INFO  main.Broker                    - 
[m[32m15:59:18.718 [main           ] INFO  main.Broker                    - 
[m[32m15:59:20.721 [main           ] INFO  main.Broker                    - 
[m[32m15:59:22.724 [main           ] INFO  main.Broker                    - 
[m[32m15:59:24.726 [main           ] INFO  main.Broker                    - 
[m[32m15:59:26.729 [main           ] INFO  main.Broker                    - 
[m[32m15:59:28.731 [main           ] INFO  main.Broker                    - 
[m[32m15:59:30.735 [main           ] INFO  main.Broker                    - 
[m[32m15:59:32.740 [main           ] INFO  main.Broker                    - 
[m[32m15:59:34.742 [main           ] INFO  main.Broker                    - 
[m[32m15:59:36.746 [main           ] INFO  main.Broker                    - 
[m[32m15:59:38.748 [main           ] INFO  main.Broker                    - 
[m[32m15:59:40.751 [main           ] INFO  main.Broker                    - 
[m[32m15:59:42.756 [main           ] INFO  main.Broker                    - 
[m[32m15:59:44.758 [main           ] INFO  main.Broker                    - 
[m[32m15:59:46.763 [main           ] INFO  main.Broker                    - 
[m[32m15:59:48.767 [main           ] INFO  main.Broker                    - 
[m[32m15:59:50.768 [main           ] INFO  main.Broker                    - 
[m[32m15:59:52.769 [main           ] INFO  main.Broker                    - 
[m[32m15:59:54.773 [main           ] INFO  main.Broker                    - 
[m[32m15:59:56.775 [main           ] INFO  main.Broker                    - 
[m[32m15:59:58.777 [main           ] INFO  main.Broker                    - 
[m[32m16:00:00.783 [main           ] INFO  main.Broker                    - 
[m[32m16:00:02.785 [main           ] INFO  main.Broker                    - 
[m[32m16:00:04.789 [main           ] INFO  main.Broker                    - 
[m[32m16:00:06.794 [main           ] INFO  main.Broker                    - 
[m[32m16:00:08.798 [main           ] INFO  main.Broker                    - 
[m[32m16:00:10.801 [main           ] INFO  main.Broker                    - 
[m[32m16:00:12.807 [main           ] INFO  main.Broker                    - 
[m[32m16:00:14.809 [main           ] INFO  main.Broker                    - 
[m[32m16:00:16.813 [main           ] INFO  main.Broker                    - 
[m[32m16:00:18.816 [main           ] INFO  main.Broker                    - 
[m[32m16:00:20.819 [main           ] INFO  main.Broker                    - 
[m[32m16:00:22.821 [main           ] INFO  main.Broker                    - 
[m[32m16:00:24.825 [main           ] INFO  main.Broker                    - 
[m[32m16:00:26.829 [main           ] INFO  main.Broker                    - 
[m[32m16:00:28.830 [main           ] INFO  main.Broker                    - 
[m[32m16:00:30.838 [main           ] INFO  main.Broker                    - 
[m[32m16:00:32.842 [main           ] INFO  main.Broker                    - 
[m[32m16:00:34.845 [main           ] INFO  main.Broker                    - 
[m[32m16:00:36.849 [main           ] INFO  main.Broker                    - 
[m[32m16:00:38.853 [main           ] INFO  main.Broker                    - 
[m[32m16:00:40.857 [main           ] INFO  main.Broker                    - 
[m[32m16:00:42.858 [main           ] INFO  main.Broker                    - 
[m[32m16:00:44.859 [main           ] INFO  main.Broker                    - 
[m[32m16:00:46.860 [main           ] INFO  main.Broker                    - 
[m[32m16:00:48.866 [main           ] INFO  main.Broker                    - 
[m[32m16:00:50.870 [main           ] INFO  main.Broker                    - 
[m[32m16:00:52.875 [main           ] INFO  main.Broker                    - 
[m[32m16:00:54.878 [main           ] INFO  main.Broker                    - 
[m[32m16:00:56.882 [main           ] INFO  main.Broker                    - 
[m[32m16:00:58.886 [main           ] INFO  main.Broker                    - 
[m[32m16:01:00.893 [main           ] INFO  main.Broker                    - 
[m[32m16:01:02.896 [main           ] INFO  main.Broker                    - 
[m[32m16:01:04.899 [main           ] INFO  main.Broker                    - 
[m[32m16:01:06.901 [main           ] INFO  main.Broker                    - 
[m[32m16:01:08.901 [main           ] INFO  main.Broker                    - 
[m[32m16:01:10.903 [main           ] INFO  main.Broker                    - 
[m[32m16:01:12.904 [main           ] INFO  main.Broker                    - 
[m[32m16:01:14.908 [main           ] INFO  main.Broker                    - 
[m[32m16:01:16.910 [main           ] INFO  main.Broker                    - 
[m[32m16:01:18.915 [main           ] INFO  main.Broker                    - 
[m[32m16:01:20.916 [main           ] INFO  main.Broker                    - 
[m[32m16:01:22.920 [main           ] INFO  main.Broker                    - 
[m